<?xml version="1.0" encoding="UTF-8"?>
<robot generator="Robot 7.0 (Python 3.12.3 on win32)" generated="2024-05-29T14:29:01.656033" rpa="false" schemaversion="5">
<suite id="s1" name="Login" source="C:\Users\User\Sanber56-Mobile-Automation-Kelompok-1\Library\Suites\Login.robot">
<test id="s1-t1" name="User should be able to login with valid credential" line="53">
<kw name="Open Flight Application">
<kw name="Open Application" owner="AppiumLibrary">
<arg>${REMOTE_URL}</arg>
<arg>platformName=${PLATFORM_NAME}</arg>
<arg>platformVersion=${PLATFORM_VERSION}</arg>
<arg>deviceName=${DEVICE_NAME}</arg>
<arg>appPackage=${APP_PACKAGE}</arg>
<arg>appActivity=${APP_ACTIVITY}</arg>
<doc>Opens a new application to given Appium server.
Capabilities of appium server, Android and iOS,
Please check https://github.com/appium/appium/blob/master/docs/en/writing-running-appium/server-args.md
| *Option*            | *Man.* | *Description*     |
| remote_url          | Yes    | Appium server url |
| alias               | no     | alias             |
| strict_ssl          | No     | allows you to send commands to an invalid certificate host like a self-signed one. |</doc>
<status status="PASS" start="2024-05-29T14:29:02.075586" elapsed="16.300254"/>
</kw>
<status status="PASS" start="2024-05-29T14:29:02.074599" elapsed="16.301241"/>
</kw>
<kw name="Verify Home Screen Appears">
<kw name="Element Should Be Visible" owner="AppiumLibrary">
<msg time="2024-05-29T14:29:20.316129" level="INFO">xpath criteria: //android.widget.ImageView[@resource-id="com.example.myapplication:id/imageView4"]</msg>
<arg>locator=//android.widget.ImageView[@resource-id="com.example.myapplication:id/imageView4"]</arg>
<doc>Verifies that element identified with locator is visible.</doc>
<status status="PASS" start="2024-05-29T14:29:18.376838" elapsed="1.939291"/>
</kw>
<status status="PASS" start="2024-05-29T14:29:18.376838" elapsed="1.939291"/>
</kw>
<kw name="Click Sign In Button On Home Screen">
<kw name="Click Element" owner="AppiumLibrary">
<msg time="2024-05-29T14:29:20.318124" level="INFO">Clicking element '//android.widget.Button[@resource-id="com.example.myapplication:id/login"]'.</msg>
<msg time="2024-05-29T14:29:20.578608" level="INFO">xpath criteria: //android.widget.Button[@resource-id="com.example.myapplication:id/login"]</msg>
<arg>locator=//android.widget.Button[@resource-id="com.example.myapplication:id/login"]</arg>
<doc>Click element identified by `locator`.</doc>
<status status="PASS" start="2024-05-29T14:29:20.317127" elapsed="0.261481"/>
</kw>
<status status="PASS" start="2024-05-29T14:29:20.317127" elapsed="0.261481"/>
</kw>
<kw name=" Input Username">
<kw name="Wait Until Element Is Visible" owner="AppiumLibrary">
<msg time="2024-05-29T14:29:25.593103" level="INFO">xpath criteria: //android.widget.EditText[@resource-id="com.example.myapplication:id/username"]
xpath criteria: //android.widget.EditText[@resource-id="com.example.myapplication:id/username"]</msg>
<arg>locator=//android.widget.EditText[@resource-id="com.example.myapplication:id/username"]</arg>
<doc>Waits until element specified with `locator` is visible.</doc>
<status status="PASS" start="2024-05-29T14:29:20.579604" elapsed="5.013499"/>
</kw>
<kw name="Input Text" owner="AppiumLibrary">
<msg time="2024-05-29T14:29:25.595051" level="INFO">Typing text 'support@ngendigital.com' into text field '//android.widget.EditText[@resource-id="com.example.myapplication:id/username"]'</msg>
<msg time="2024-05-29T14:29:25.801897" level="INFO">xpath criteria: //android.widget.EditText[@resource-id="com.example.myapplication:id/username"]</msg>
<arg>locator=//android.widget.EditText[@resource-id="com.example.myapplication:id/username"]</arg>
<arg>text=support@ngendigital.com</arg>
<doc>Types the given `text` into text field identified by `locator`.</doc>
<status status="PASS" start="2024-05-29T14:29:25.594101" elapsed="0.207796"/>
</kw>
<status status="PASS" start="2024-05-29T14:29:20.579604" elapsed="5.222293"/>
</kw>
<kw name=" Input Password">
<kw name="Input Text" owner="AppiumLibrary">
<msg time="2024-05-29T14:29:25.805668" level="INFO">Typing text 'abc123' into text field '//android.widget.EditText[@resource-id="com.example.myapplication:id/password"]'</msg>
<msg time="2024-05-29T14:29:27.259776" level="INFO">xpath criteria: //android.widget.EditText[@resource-id="com.example.myapplication:id/password"]</msg>
<arg>locator=//android.widget.EditText[@resource-id="com.example.myapplication:id/password"]</arg>
<arg>text=abc123</arg>
<doc>Types the given `text` into text field identified by `locator`.</doc>
<status status="PASS" start="2024-05-29T14:29:25.802896" elapsed="1.456880"/>
</kw>
<status status="PASS" start="2024-05-29T14:29:25.802896" elapsed="1.456880"/>
</kw>
<kw name="Click Login Button">
<kw name="Click Element" owner="AppiumLibrary">
<msg time="2024-05-29T14:29:27.262768" level="INFO">Clicking element '//android.widget.Button[@resource-id="com.example.myapplication:id/signIn"]'.</msg>
<msg time="2024-05-29T14:29:27.952714" level="INFO">xpath criteria: //android.widget.Button[@resource-id="com.example.myapplication:id/signIn"]</msg>
<arg>locator=//android.widget.Button[@resource-id="com.example.myapplication:id/signIn"]</arg>
<doc>Click element identified by `locator`.</doc>
<status status="PASS" start="2024-05-29T14:29:27.260775" elapsed="0.691939"/>
</kw>
<status status="PASS" start="2024-05-29T14:29:27.260775" elapsed="0.691939"/>
</kw>
<status status="PASS" start="2024-05-29T14:29:02.073971" elapsed="25.879738"/>
</test>
<status status="PASS" start="2024-05-29T14:29:01.657031" elapsed="26.298692"/>
</suite>
<statistics>
<total>
<stat pass="1" fail="0" skip="0">All Tests</stat>
</total>
<tag>
</tag>
<suite>
<stat pass="1" fail="0" skip="0" id="s1" name="Login">Login</stat>
</suite>
</statistics>
<errors>
<msg time="2024-05-29T14:29:01.651047" level="WARN">Error in file 'C:\Users\User\Sanber56-Mobile-Automation-Kelompok-1\Library\Suites\Login.robot' on line 4: Singular section headers like '*** Variable ***' are deprecated. Use plural format like '*** Variables ***' instead.</msg>
</errors>
</robot>
