<?xml version="1.0" encoding="UTF-8"?>
<robot generator="Robot 7.0 (Python 3.12.3 on win32)" generated="2024-06-03T11:07:33.794430" rpa="false" schemaversion="5">
<suite id="s1" name="Login" source="C:\Users\User\Sanber56-Mobile-Automation-Kelompok-1\Suites\login.robot">
<test id="s1-t1" name="User should be able to login with valid credential" line="24">
<kw name="Run Keywords" owner="BuiltIn" type="SETUP">
<kw name="Open Flight Application" owner="base">
<kw name="Open Application" owner="AppiumLibrary">
<arg>${REMOTE_URL}</arg>
<arg>platformName=${PLATFORM_NAME}</arg>
<arg>platformVersion=${PLATFORM_VERSION}</arg>
<arg>deviceName=${DEVICE_NAME}</arg>
<arg>appPackage=${APP_PACKAGE}</arg>
<arg>appActivity=${APP_ACTIVITY}</arg>
<doc>Opens a new application to given Appium server.
Capabilities of appium server, Android and iOS,
Please check https://github.com/appium/appium/blob/master/docs/en/writing-running-appium/server-args.md
| *Option*            | *Man.* | *Description*     |
| remote_url          | Yes    | Appium server url |
| alias               | no     | alias             |
| strict_ssl          | No     | allows you to send commands to an invalid certificate host like a self-signed one. |</doc>
<status status="PASS" start="2024-06-03T11:07:33.997370" elapsed="8.643302"/>
</kw>
<status status="PASS" start="2024-06-03T11:07:33.996340" elapsed="8.644332"/>
</kw>
<arg>Open Flight Application</arg>
<doc>Executes all the given keywords in a sequence.</doc>
<status status="PASS" start="2024-06-03T11:07:33.996340" elapsed="8.644332"/>
</kw>
<kw name="Verify Home Screen Appears" owner="homePage">
<kw name="Element Should Be Visible" owner="AppiumLibrary">
<msg time="2024-06-03T11:07:44.868149" level="INFO">xpath criteria: //android.widget.ImageView[@resource-id="com.example.myapplication:id/imageView4"]</msg>
<arg>locator=//android.widget.ImageView[@resource-id="com.example.myapplication:id/imageView4"]</arg>
<doc>Verifies that element identified with locator is visible.</doc>
<status status="PASS" start="2024-06-03T11:07:42.641660" elapsed="2.226489"/>
</kw>
<status status="PASS" start="2024-06-03T11:07:42.641660" elapsed="2.226489"/>
</kw>
<kw name="Click Sign In Button On Home Screen" owner="homePage">
<kw name="Click Element" owner="AppiumLibrary">
<msg time="2024-06-03T11:07:44.870139" level="INFO">Clicking element '//android.widget.Button[@resource-id="com.example.myapplication:id/login"]'.</msg>
<msg time="2024-06-03T11:07:45.129303" level="INFO">xpath criteria: //android.widget.Button[@resource-id="com.example.myapplication:id/login"]</msg>
<arg>locator=//android.widget.Button[@resource-id="com.example.myapplication:id/login"]</arg>
<doc>Click element identified by `locator`.</doc>
<status status="PASS" start="2024-06-03T11:07:44.869143" elapsed="0.261158"/>
</kw>
<status status="PASS" start="2024-06-03T11:07:44.869143" elapsed="0.261158"/>
</kw>
<kw name="Input Username" owner="loginPage">
<kw name="Wait Until Element Is Visible" owner="AppiumLibrary">
<msg time="2024-06-03T11:07:47.011341" level="INFO">xpath criteria: //android.widget.EditText[@resource-id="com.example.myapplication:id/username"]
xpath criteria: //android.widget.EditText[@resource-id="com.example.myapplication:id/username"]</msg>
<arg>locator=${username_input}</arg>
<doc>Waits until element specified with `locator` is visible.</doc>
<status status="PASS" start="2024-06-03T11:07:45.131298" elapsed="1.880043"/>
</kw>
<kw name="Input Text" owner="AppiumLibrary">
<msg time="2024-06-03T11:07:47.014332" level="INFO">Typing text 'support@ngendigital.com' into text field '//android.widget.EditText[@resource-id="com.example.myapplication:id/username"]'</msg>
<msg time="2024-06-03T11:07:47.177729" level="INFO">xpath criteria: //android.widget.EditText[@resource-id="com.example.myapplication:id/username"]</msg>
<arg>locator=${username_input}</arg>
<arg>text=${username}</arg>
<doc>Types the given `text` into text field identified by `locator`.</doc>
<status status="PASS" start="2024-06-03T11:07:47.011341" elapsed="0.166388"/>
</kw>
<arg>username=${VALID_USERNAME}</arg>
<status status="PASS" start="2024-06-03T11:07:45.130301" elapsed="2.047428"/>
</kw>
<kw name=" Input User Password" owner="loginPage">
<kw name="Input Text" owner="AppiumLibrary">
<msg time="2024-06-03T11:07:47.182714" level="INFO">Typing text 'abc123' into text field '//android.widget.EditText[@resource-id="com.example.myapplication:id/password"]'</msg>
<msg time="2024-06-03T11:07:47.822749" level="INFO">xpath criteria: //android.widget.EditText[@resource-id="com.example.myapplication:id/password"]</msg>
<arg>locator=${password_input}</arg>
<arg>text=${password}</arg>
<doc>Types the given `text` into text field identified by `locator`.</doc>
<status status="PASS" start="2024-06-03T11:07:47.178723" elapsed="0.644026"/>
</kw>
<arg>password=${VALID_PASSWORD}</arg>
<status status="PASS" start="2024-06-03T11:07:47.178723" elapsed="0.644026"/>
</kw>
<kw name="Click Login Button" owner="loginPage">
<kw name="Wait Until Element Is Visible" owner="AppiumLibrary">
<msg time="2024-06-03T11:07:48.459151" level="INFO">xpath criteria: //android.widget.Button[@resource-id="com.example.myapplication:id/signIn"]</msg>
<arg>locator=//android.widget.Button[@resource-id="com.example.myapplication:id/signIn"]</arg>
<doc>Waits until element specified with `locator` is visible.</doc>
<status status="PASS" start="2024-06-03T11:07:47.824248" elapsed="0.634903"/>
</kw>
<kw name="Click Element" owner="AppiumLibrary">
<msg time="2024-06-03T11:07:48.461183" level="INFO">Clicking element '//android.widget.Button[@resource-id="com.example.myapplication:id/signIn"]'.</msg>
<msg time="2024-06-03T11:07:48.630100" level="INFO">xpath criteria: //android.widget.Button[@resource-id="com.example.myapplication:id/signIn"]</msg>
<arg>locator=//android.widget.Button[@resource-id="com.example.myapplication:id/signIn"]</arg>
<doc>Click element identified by `locator`.</doc>
<status status="PASS" start="2024-06-03T11:07:48.460149" elapsed="0.169951"/>
</kw>
<status status="PASS" start="2024-06-03T11:07:47.824248" elapsed="0.805852"/>
</kw>
<kw name="Verify Success Login" owner="homePage">
<kw name="Wait Until Element Is Visible" owner="AppiumLibrary">
<msg time="2024-06-03T11:07:50.362422" level="INFO">xpath criteria: //android.widget.TextView[@resource-id="com.example.myapplication:id/textView"]
xpath criteria: //android.widget.TextView[@resource-id="com.example.myapplication:id/textView"]</msg>
<arg>locator=//android.widget.TextView[@resource-id="com.example.myapplication:id/textView"]</arg>
<doc>Waits until element specified with `locator` is visible.</doc>
<status status="PASS" start="2024-06-03T11:07:48.632090" elapsed="1.730332"/>
</kw>
<kw name="Element Should Be Visible" owner="AppiumLibrary">
<msg time="2024-06-03T11:07:50.530812" level="INFO">xpath criteria: //android.widget.TextView[@resource-id="com.example.myapplication:id/textView"]</msg>
<arg>locator=//android.widget.TextView[@resource-id="com.example.myapplication:id/textView"]</arg>
<doc>Verifies that element identified with locator is visible.</doc>
<status status="PASS" start="2024-06-03T11:07:50.362422" elapsed="0.168390"/>
</kw>
<status status="PASS" start="2024-06-03T11:07:48.632090" elapsed="1.898722"/>
</kw>
<kw name="Close Flight Application" owner="base" type="TEARDOWN">
<kw name="Close Application" owner="AppiumLibrary">
<doc>Closes the current application and also close webdriver session.</doc>
<status status="PASS" start="2024-06-03T11:07:50.531807" elapsed="0.751552"/>
</kw>
<status status="PASS" start="2024-06-03T11:07:50.531807" elapsed="0.751552"/>
</kw>
<status status="PASS" start="2024-06-03T11:07:33.995344" elapsed="17.288015"/>
</test>
<test id="s1-t2" name="User should be able to login with invalid password" line="34">
<kw name="Run Keywords" owner="BuiltIn" type="SETUP">
<kw name="Open Flight Application" owner="base">
<kw name="Open Application" owner="AppiumLibrary">
<arg>${REMOTE_URL}</arg>
<arg>platformName=${PLATFORM_NAME}</arg>
<arg>platformVersion=${PLATFORM_VERSION}</arg>
<arg>deviceName=${DEVICE_NAME}</arg>
<arg>appPackage=${APP_PACKAGE}</arg>
<arg>appActivity=${APP_ACTIVITY}</arg>
<doc>Opens a new application to given Appium server.
Capabilities of appium server, Android and iOS,
Please check https://github.com/appium/appium/blob/master/docs/en/writing-running-appium/server-args.md
| *Option*            | *Man.* | *Description*     |
| remote_url          | Yes    | Appium server url |
| alias               | no     | alias             |
| strict_ssl          | No     | allows you to send commands to an invalid certificate host like a self-signed one. |</doc>
<status status="PASS" start="2024-06-03T11:07:51.285354" elapsed="8.632373"/>
</kw>
<status status="PASS" start="2024-06-03T11:07:51.285354" elapsed="8.632373"/>
</kw>
<arg>Open Flight Application</arg>
<doc>Executes all the given keywords in a sequence.</doc>
<status status="PASS" start="2024-06-03T11:07:51.285354" elapsed="8.632373"/>
</kw>
<kw name="Verify Home Screen Appears" owner="homePage">
<kw name="Element Should Be Visible" owner="AppiumLibrary">
<msg time="2024-06-03T11:08:02.062107" level="INFO">xpath criteria: //android.widget.ImageView[@resource-id="com.example.myapplication:id/imageView4"]</msg>
<arg>locator=//android.widget.ImageView[@resource-id="com.example.myapplication:id/imageView4"]</arg>
<doc>Verifies that element identified with locator is visible.</doc>
<status status="PASS" start="2024-06-03T11:07:59.918721" elapsed="2.143386"/>
</kw>
<status status="PASS" start="2024-06-03T11:07:59.918721" elapsed="2.143386"/>
</kw>
<kw name="Click Sign In Button On Home Screen" owner="homePage">
<kw name="Click Element" owner="AppiumLibrary">
<msg time="2024-06-03T11:08:02.064102" level="INFO">Clicking element '//android.widget.Button[@resource-id="com.example.myapplication:id/login"]'.</msg>
<msg time="2024-06-03T11:08:02.278171" level="INFO">xpath criteria: //android.widget.Button[@resource-id="com.example.myapplication:id/login"]</msg>
<arg>locator=//android.widget.Button[@resource-id="com.example.myapplication:id/login"]</arg>
<doc>Click element identified by `locator`.</doc>
<status status="PASS" start="2024-06-03T11:08:02.063102" elapsed="0.215069"/>
</kw>
<status status="PASS" start="2024-06-03T11:08:02.063102" elapsed="0.215069"/>
</kw>
<kw name="Input Username" owner="loginPage">
<kw name="Wait Until Element Is Visible" owner="AppiumLibrary">
<msg time="2024-06-03T11:08:04.662721" level="INFO">xpath criteria: //android.widget.EditText[@resource-id="com.example.myapplication:id/username"]
xpath criteria: //android.widget.EditText[@resource-id="com.example.myapplication:id/username"]</msg>
<arg>locator=${username_input}</arg>
<doc>Waits until element specified with `locator` is visible.</doc>
<status status="PASS" start="2024-06-03T11:08:02.279163" elapsed="2.383558"/>
</kw>
<kw name="Input Text" owner="AppiumLibrary">
<msg time="2024-06-03T11:08:04.666759" level="INFO">Typing text 'support@ngendigital.com' into text field '//android.widget.EditText[@resource-id="com.example.myapplication:id/username"]'</msg>
<msg time="2024-06-03T11:08:04.833339" level="INFO">xpath criteria: //android.widget.EditText[@resource-id="com.example.myapplication:id/username"]</msg>
<arg>locator=${username_input}</arg>
<arg>text=${username}</arg>
<doc>Types the given `text` into text field identified by `locator`.</doc>
<status status="PASS" start="2024-06-03T11:08:04.663719" elapsed="0.169620"/>
</kw>
<arg>username=${VALID_USERNAME}</arg>
<status status="PASS" start="2024-06-03T11:08:02.279163" elapsed="2.554176"/>
</kw>
<kw name=" Input User Password" owner="loginPage">
<kw name="Input Text" owner="AppiumLibrary">
<msg time="2024-06-03T11:08:04.837329" level="INFO">Typing text 'abc123456' into text field '//android.widget.EditText[@resource-id="com.example.myapplication:id/password"]'</msg>
<msg time="2024-06-03T11:08:05.495951" level="INFO">xpath criteria: //android.widget.EditText[@resource-id="com.example.myapplication:id/password"]</msg>
<arg>locator=${password_input}</arg>
<arg>text=${password}</arg>
<doc>Types the given `text` into text field identified by `locator`.</doc>
<status status="PASS" start="2024-06-03T11:08:04.835334" elapsed="0.660617"/>
</kw>
<arg>password=${INVALID_PASSWORD}</arg>
<status status="PASS" start="2024-06-03T11:08:04.834347" elapsed="0.661604"/>
</kw>
<kw name="Click Login Button" owner="loginPage">
<kw name="Wait Until Element Is Visible" owner="AppiumLibrary">
<msg time="2024-06-03T11:08:06.141532" level="INFO">xpath criteria: //android.widget.Button[@resource-id="com.example.myapplication:id/signIn"]</msg>
<arg>locator=//android.widget.Button[@resource-id="com.example.myapplication:id/signIn"]</arg>
<doc>Waits until element specified with `locator` is visible.</doc>
<status status="PASS" start="2024-06-03T11:08:05.497564" elapsed="0.643968"/>
</kw>
<kw name="Click Element" owner="AppiumLibrary">
<msg time="2024-06-03T11:08:06.142567" level="INFO">Clicking element '//android.widget.Button[@resource-id="com.example.myapplication:id/signIn"]'.</msg>
<msg time="2024-06-03T11:08:06.313364" level="INFO">xpath criteria: //android.widget.Button[@resource-id="com.example.myapplication:id/signIn"]</msg>
<arg>locator=//android.widget.Button[@resource-id="com.example.myapplication:id/signIn"]</arg>
<doc>Click element identified by `locator`.</doc>
<status status="PASS" start="2024-06-03T11:08:06.141532" elapsed="0.171832"/>
</kw>
<status status="PASS" start="2024-06-03T11:08:05.497564" elapsed="0.816799"/>
</kw>
<kw name="Verify Failed Login" owner="homePage">
<kw name="Page Should Contain Text" owner="AppiumLibrary">
<msg time="2024-06-03T11:08:06.622139" level="INFO">Current page contains text 'Invalid username/password'.</msg>
<arg>text=Invalid username/password</arg>
<doc>Verifies that current page contains `text`.</doc>
<status status="PASS" start="2024-06-03T11:08:06.315359" elapsed="0.306780"/>
</kw>
<status status="PASS" start="2024-06-03T11:08:06.315359" elapsed="0.306780"/>
</kw>
<kw name="Close Flight Application" owner="base" type="TEARDOWN">
<kw name="Close Application" owner="AppiumLibrary">
<doc>Closes the current application and also close webdriver session.</doc>
<status status="PASS" start="2024-06-03T11:08:06.624129" elapsed="0.780076"/>
</kw>
<status status="PASS" start="2024-06-03T11:08:06.623133" elapsed="0.781072"/>
</kw>
<status status="PASS" start="2024-06-03T11:07:51.284357" elapsed="16.120850"/>
</test>
<status status="PASS" start="2024-06-03T11:07:33.796440" elapsed="33.609800"/>
</suite>
<statistics>
<total>
<stat pass="2" fail="0" skip="0">All Tests</stat>
</total>
<tag>
</tag>
<suite>
<stat pass="2" fail="0" skip="0" id="s1" name="Login">Login</stat>
</suite>
</statistics>
<errors>
</errors>
</robot>
